<?xml version="1.0" encoding="UTF-8"?>
<!-- Generated by org.testng.reporters.JUnitReportReporter -->
<testsuite hostname="LGDN18-1071-W10" failures="0" tests="2" name="Railway.RegisterTest" time="6.571" errors="0" timestamp="26 Nov 2018 10:21:23 GMT" skipped="0">
  <testcase classname="Railway.RegisterTest" name="TC10" time="0.668"/>
  <testcase classname="Railway.RegisterTest" name="TC07" time="5.903"/>
</testsuite> <!-- Railway.RegisterTest -->
