<?xml version="1.0" encoding="UTF-8"?>
<!-- Generated by org.testng.reporters.JUnitReportReporter -->
<testsuite hostname="LGDN18-1071-W10" failures="0" tests="1" name="Railway.BookTicketTest" time="0.953" errors="0" timestamp="03 Dec 2018 09:16:18 GMT" skipped="0">
  <testcase classname="Railway.BookTicketTest" name="TC16" time="0.953"/>
</testsuite> <!-- Railway.BookTicketTest -->
