<?xml version="1.0" encoding="UTF-8"?>
<!-- Generated by org.testng.reporters.JUnitReportReporter -->
<testsuite hostname="LGDN18-1071-W10" failures="0" tests="1" name="Railway.LoginTest" time="14.658" errors="0" timestamp="19 Nov 2018 02:29:04 GMT" skipped="0">
  <testcase classname="Railway.LoginTest" name="TC01" time="14.658"/>
</testsuite> <!-- Railway.LoginTest -->
