<?xml version="1.0" encoding="UTF-8"?>
<!-- Generated by org.testng.reporters.JUnitReportReporter -->
<testsuite hostname="LGDN18-1071-W10" failures="0" tests="1" name="Railway.BookTicketTest" time="6.328" errors="0" timestamp="07 Dec 2018 05:28:52 GMT" skipped="0">
  <testcase classname="Railway.BookTicketTest" name="TC14" time="6.328"/>
</testsuite> <!-- Railway.BookTicketTest -->
