<?xml version="1.0" encoding="UTF-8"?>
<!-- Generated by org.testng.reporters.JUnitReportReporter -->
<testsuite hostname="DESKTOP-FR5NQIN" failures="0" tests="2" name="Railway.MyTicketTest" time="14.953" errors="0" timestamp="07 Dec 2018 15:53:18 GMT" skipped="0">
  <testcase classname="Railway.MyTicketTest" name="FTTC01" time="7.437"/>
  <testcase classname="Railway.MyTicketTest" name="FTTC02" time="7.516"/>
</testsuite> <!-- Railway.MyTicketTest -->
