<?xml version="1.0" encoding="UTF-8"?>
<!-- Generated by org.testng.reporters.JUnitReportReporter -->
<testsuite hostname="DESKTOP-FR5NQIN" failures="0" tests="1" name="Railway.BookTicketTest" time="0.946" errors="0" timestamp="01 Dec 2018 08:51:35 GMT" skipped="0">
  <testcase classname="Railway.BookTicketTest" name="TC14" time="0.946"/>
</testsuite> <!-- Railway.BookTicketTest -->
