<?xml version="1.0" encoding="UTF-8"?>
<!-- Generated by org.testng.reporters.JUnitReportReporter -->
<testsuite hostname="LGDN18-1071-W10" failures="0" tests="1" name="Railway.LoginTest" time="8.862" errors="0" timestamp="19 Nov 2018 09:43:51 GMT" skipped="0">
  <testcase classname="Railway.LoginTest" name="TC02" time="8.862"/>
</testsuite> <!-- Railway.LoginTest -->
