<?xml version="1.0" encoding="UTF-8"?>
<!-- Generated by org.testng.reporters.JUnitReportReporter -->
<testsuite hostname="DESKTOP-FR5NQIN" failures="0" tests="1" name="Railway.LoginTest" time="2.419" errors="0" timestamp="23 Nov 2018 06:06:06 GMT" skipped="0">
  <testcase classname="Railway.LoginTest" name="TC01" time="2.419"/>
</testsuite> <!-- Railway.LoginTest -->
