<?xml version="1.0" encoding="UTF-8"?>
<!-- Generated by org.testng.reporters.JUnitReportReporter -->
<testsuite hostname="DESKTOP-FR5NQIN" failures="0" tests="1" name="Railway.LoginTest" time="10.030" errors="0" timestamp="19 Nov 2018 05:24:30 GMT" skipped="0">
  <testcase classname="Railway.LoginTest" name="TC01" time="10.030"/>
</testsuite> <!-- Railway.LoginTest -->
