<?xml version="1.0" encoding="UTF-8"?>
<!-- Generated by org.testng.reporters.JUnitReportReporter -->
<testsuite hostname="LGDN18-1071-W10" failures="0" tests="1" name="Railway.ChangePasswordTest" time="23.495" errors="0" timestamp="05 Dec 2018 10:18:59 GMT" skipped="0">
  <testcase classname="Railway.ChangePasswordTest" name="TC13" time="23.495"/>
</testsuite> <!-- Railway.ChangePasswordTest -->
