<?xml version="1.0" encoding="UTF-8"?>
<!-- Generated by org.testng.reporters.JUnitReportReporter -->
<testsuite hostname="DESKTOP-FR5NQIN" failures="0" tests="1" name="Railway.RegisterTest" time="6.794" errors="0" timestamp="28 Nov 2018 19:32:19 GMT" skipped="0">
  <testcase classname="Railway.RegisterTest" name="TC000" time="6.794"/>
</testsuite> <!-- Railway.RegisterTest -->
