<?xml version="1.0" encoding="UTF-8"?>
<!-- Generated by org.testng.reporters.JUnitReportReporter -->
<testsuite hostname="DESKTOP-FR5NQIN" failures="0" tests="2" name="Railway.MyTicketTest" time="7.930" errors="0" timestamp="07 Dec 2018 14:23:35 GMT" skipped="0">
  <testcase classname="Railway.MyTicketTest" name="FTTC02" time="3.834"/>
  <testcase classname="Railway.MyTicketTest" name="FTTC01" time="4.096"/>
</testsuite> <!-- Railway.MyTicketTest -->
