<?xml version="1.0" encoding="UTF-8"?>
<!-- Generated by org.testng.reporters.JUnitReportReporter -->
<testsuite hostname="LGDN18-1071-W10" failures="0" tests="1" name="Railway.LoginTest" time="21.365" errors="0" timestamp="21 Nov 2018 03:22:04 GMT" skipped="0">
  <testcase classname="Railway.LoginTest" name="TC06" time="21.365"/>
</testsuite> <!-- Railway.LoginTest -->
