<?xml version="1.0" encoding="UTF-8"?>
<!-- Generated by org.testng.reporters.JUnitReportReporter -->
<testsuite hostname="LGDN18-1071-W10" failures="0" tests="2" name="Railway.RegisterTest" time="5.705" errors="0" timestamp="27 Nov 2018 01:22:59 GMT" skipped="0">
  <testcase classname="Railway.RegisterTest" name="TC07" time="5.136"/>
  <testcase classname="Railway.RegisterTest" name="TC10" time="0.569"/>
</testsuite> <!-- Railway.RegisterTest -->
