<?xml version="1.0" encoding="UTF-8"?>
<!-- Generated by org.testng.reporters.JUnitReportReporter -->
<testsuite hostname="DESKTOP-FR5NQIN" failures="0" tests="1" name="Railway.RegisterTest" time="4.796" errors="0" timestamp="23 Nov 2018 18:18:19 GMT" skipped="0">
  <testcase classname="Railway.RegisterTest" name="TC07" time="4.796"/>
</testsuite> <!-- Railway.RegisterTest -->
