<?xml version="1.0" encoding="UTF-8"?>
<!-- Generated by org.testng.reporters.JUnitReportReporter -->
<testsuite hostname="LGDN18-1071-W10" failures="0" tests="3" name="Railway.BookTicketTest" time="4.718" errors="0" timestamp="05 Dec 2018 10:40:50 GMT" skipped="0">
  <testcase classname="Railway.BookTicketTest" name="TC14" time="2.015"/>
  <testcase classname="Railway.BookTicketTest" name="TC16" time="1.624"/>
  <testcase classname="Railway.BookTicketTest" name="TC15" time="1.079"/>
</testsuite> <!-- Railway.BookTicketTest -->
