<?xml version="1.0" encoding="UTF-8"?>
<!-- Generated by org.testng.reporters.JUnitReportReporter -->
<testsuite hostname="DESKTOP-FR5NQIN" failures="0" tests="1" name="Railway.MyTicketTest" time="5.588" errors="0" timestamp="08 Dec 2018 01:06:46 GMT" skipped="0">
  <testcase classname="Railway.MyTicketTest" name="FTTC01" time="5.588"/>
</testsuite> <!-- Railway.MyTicketTest -->
